2014/06/27 14:25:54 [error] [php] include(Category.php): failed to open stream: No such file or directory (/home/twt/PhpstormProjects/test/framework/YiiBase.php:427)
Stack trace:
#0 /home/twt/PhpstormProjects/test/protected/views/site/help.php(28): spl_autoload_call()
#1 /home/twt/PhpstormProjects/test/framework/web/CBaseController.php(126): require()
#2 /home/twt/PhpstormProjects/test/framework/web/CBaseController.php(95): SiteController->renderInternal()
#3 /home/twt/PhpstormProjects/test/framework/web/CController.php(869): SiteController->renderFile()
#4 /home/twt/PhpstormProjects/test/framework/web/CController.php(782): SiteController->renderPartial()
#5 /home/twt/PhpstormProjects/test/protected/controllers/SiteController.php(104): SiteController->render()
#6 /home/twt/PhpstormProjects/test/framework/web/actions/CInlineAction.php(49): SiteController->actionHelp()
#7 /home/twt/PhpstormProjects/test/framework/web/CController.php(308): CInlineAction->runWithParams()
#8 /home/twt/PhpstormProjects/test/framework/web/CController.php(286): SiteController->runAction()
#9 /home/twt/PhpstormProjects/test/framework/web/CController.php(265): SiteController->runActionWithFilters()
#10 /home/twt/PhpstormProjects/test/framework/web/CWebApplication.php(282): SiteController->run()
#11 /home/twt/PhpstormProjects/test/framework/web/CWebApplication.php(141): CWebApplication->runController()
#12 /home/twt/PhpstormProjects/test/framework/base/CApplication.php(180): CWebApplication->processRequest()
#13 /home/twt/PhpstormProjects/test/index.php(13): CWebApplication->run()
REQUEST_URI=/test/index.php?r=site/help
in /home/twt/PhpstormProjects/test/protected/views/site/help.php (28)
in /home/twt/PhpstormProjects/test/protected/controllers/SiteController.php (104)
in /home/twt/PhpstormProjects/test/index.php (13)
2014/06/27 14:26:37 [error] [php] Illegal string offset 'label' (/home/twt/PhpstormProjects/test/framework/zii/widgets/CMenu.php:271)
Stack trace:
#0 /home/twt/PhpstormProjects/test/framework/web/CBaseController.php(172): SiteController->createWidget()
#1 /home/twt/PhpstormProjects/test/protected/views/site/help.php(31): SiteController->widget()
#2 /home/twt/PhpstormProjects/test/framework/web/CBaseController.php(126): require()
#3 /home/twt/PhpstormProjects/test/framework/web/CBaseController.php(95): SiteController->renderInternal()
#4 /home/twt/PhpstormProjects/test/framework/web/CController.php(869): SiteController->renderFile()
#5 /home/twt/PhpstormProjects/test/framework/web/CController.php(782): SiteController->renderPartial()
#6 /home/twt/PhpstormProjects/test/protected/controllers/SiteController.php(104): SiteController->render()
#7 /home/twt/PhpstormProjects/test/framework/web/actions/CInlineAction.php(49): SiteController->actionHelp()
#8 /home/twt/PhpstormProjects/test/framework/web/CController.php(308): CInlineAction->runWithParams()
#9 /home/twt/PhpstormProjects/test/framework/web/CController.php(286): SiteController->runAction()
#10 /home/twt/PhpstormProjects/test/framework/web/CController.php(265): SiteController->runActionWithFilters()
#11 /home/twt/PhpstormProjects/test/framework/web/CWebApplication.php(282): SiteController->run()
#12 /home/twt/PhpstormProjects/test/framework/web/CWebApplication.php(141): CWebApplication->runController()
#13 /home/twt/PhpstormProjects/test/framework/base/CApplication.php(180): CWebApplication->processRequest()
#14 /home/twt/PhpstormProjects/test/index.php(13): CWebApplication->run()
REQUEST_URI=/test/index.php?r=site/help
in /home/twt/PhpstormProjects/test/protected/views/site/help.php (31)
in /home/twt/PhpstormProjects/test/protected/controllers/SiteController.php (104)
in /home/twt/PhpstormProjects/test/index.php (13)
2014/06/27 14:29:32 [error] [exception.CException] exception 'CException' with message 'Alias "application.extensions.fancybox.EFancyBox" is invalid. Make sure it points to an existing PHP file and the file is readable.' in /home/twt/PhpstormProjects/test/framework/YiiBase.php:322
Stack trace:
#0 /home/twt/PhpstormProjects/test/framework/web/CWidgetFactory.php(146): YiiBase::import('application.ext...', true)
#1 /home/twt/PhpstormProjects/test/framework/web/CBaseController.php(146): CWidgetFactory->createWidget(Object(SiteController), 'application.ext...', Array)
#2 /home/twt/PhpstormProjects/test/framework/web/CBaseController.php(172): CBaseController->createWidget('application.ext...', Array)
#3 /home/twt/PhpstormProjects/test/protected/views/site/help.php(13): CBaseController->widget('application.ext...', Array)
#4 /home/twt/PhpstormProjects/test/framework/web/CBaseController.php(126): require('/home/twt/Phpst...')
#5 /home/twt/PhpstormProjects/test/framework/web/CBaseController.php(95): CBaseController->renderInternal('/home/twt/Phpst...', Array, true)
#6 /home/twt/PhpstormProjects/test/framework/web/CController.php(869): CBaseController->renderFile('/home/twt/Phpst...', Array, true)
#7 /home/twt/PhpstormProjects/test/framework/web/CController.php(782): CController->renderPartial('help', Array, true)
#8 /home/twt/PhpstormProjects/test/protected/controllers/SiteController.php(104): CController->render('help', Array)
#9 /home/twt/PhpstormProjects/test/framework/web/actions/CInlineAction.php(49): SiteController->actionHelp()
#10 /home/twt/PhpstormProjects/test/framework/web/CController.php(308): CInlineAction->runWithParams(Array)
#11 /home/twt/PhpstormProjects/test/framework/web/CController.php(286): CController->runAction(Object(CInlineAction))
#12 /home/twt/PhpstormProjects/test/framework/web/CController.php(265): CController->runActionWithFilters(Object(CInlineAction), Array)
#13 /home/twt/PhpstormProjects/test/framework/web/CWebApplication.php(282): CController->run('help')
#14 /home/twt/PhpstormProjects/test/framework/web/CWebApplication.php(141): CWebApplication->runController('site/help')
#15 /home/twt/PhpstormProjects/test/framework/base/CApplication.php(180): CWebApplication->processRequest()
#16 /home/twt/PhpstormProjects/test/index.php(13): CApplication->run()
#17 {main}
REQUEST_URI=/test/index.php?r=site/help
HTTP_REFERER=http://localhost/test/index.php?r=site/index
---
2014/06/27 14:34:27 [error] [exception.CHttpException.404] exception 'CHttpException' with message 'The system is unable to find the requested action "about".' in /home/twt/PhpstormProjects/test/framework/web/CController.php:483
Stack trace:
#0 /home/twt/PhpstormProjects/test/framework/web/CController.php(270): CController->missingAction('about')
#1 /home/twt/PhpstormProjects/test/framework/web/CWebApplication.php(282): CController->run('about')
#2 /home/twt/PhpstormProjects/test/framework/web/CWebApplication.php(141): CWebApplication->runController('site/about')
#3 /home/twt/PhpstormProjects/test/framework/base/CApplication.php(180): CWebApplication->processRequest()
#4 /home/twt/PhpstormProjects/test/index.php(13): CApplication->run()
#5 {main}
REQUEST_URI=/test/index.php?r=site/about&_=1403865267600
HTTP_REFERER=http://localhost/test/index.php?r=site/help
---
2014/06/27 14:35:21 [error] [exception.CHttpException.404] exception 'CHttpException' with message 'The system is unable to find the requested action "about".' in /home/twt/PhpstormProjects/test/framework/web/CController.php:483
Stack trace:
#0 /home/twt/PhpstormProjects/test/framework/web/CController.php(270): CController->missingAction('about')
#1 /home/twt/PhpstormProjects/test/framework/web/CWebApplication.php(282): CController->run('about')
#2 /home/twt/PhpstormProjects/test/framework/web/CWebApplication.php(141): CWebApplication->runController('site/about')
#3 /home/twt/PhpstormProjects/test/framework/base/CApplication.php(180): CWebApplication->processRequest()
#4 /home/twt/PhpstormProjects/test/index.php(13): CApplication->run()
#5 {main}
REQUEST_URI=/test/index.php?r=site/about&_=1403865321722
HTTP_REFERER=http://localhost/test/index.php?r=site/help
---
2014/06/27 14:35:36 [error] [exception.CHttpException.404] exception 'CHttpException' with message 'The system is unable to find the requested action "about".' in /home/twt/PhpstormProjects/test/framework/web/CController.php:483
Stack trace:
#0 /home/twt/PhpstormProjects/test/framework/web/CController.php(270): CController->missingAction('about')
#1 /home/twt/PhpstormProjects/test/framework/web/CWebApplication.php(282): CController->run('about')
#2 /home/twt/PhpstormProjects/test/framework/web/CWebApplication.php(141): CWebApplication->runController('site/about')
#3 /home/twt/PhpstormProjects/test/framework/base/CApplication.php(180): CWebApplication->processRequest()
#4 /home/twt/PhpstormProjects/test/index.php(13): CApplication->run()
#5 {main}
REQUEST_URI=/test/index.php?r=site/about&_=1403865336080
HTTP_REFERER=http://localhost/test/index.php?r=site/help
---
2014/06/27 14:35:55 [error] [exception.CHttpException.404] exception 'CHttpException' with message 'The system is unable to find the requested action "about".' in /home/twt/PhpstormProjects/test/framework/web/CController.php:483
Stack trace:
#0 /home/twt/PhpstormProjects/test/framework/web/CController.php(270): CController->missingAction('about')
#1 /home/twt/PhpstormProjects/test/framework/web/CWebApplication.php(282): CController->run('about')
#2 /home/twt/PhpstormProjects/test/framework/web/CWebApplication.php(141): CWebApplication->runController('site/about')
#3 /home/twt/PhpstormProjects/test/framework/base/CApplication.php(180): CWebApplication->processRequest()
#4 /home/twt/PhpstormProjects/test/index.php(13): CApplication->run()
#5 {main}
REQUEST_URI=/test/index.php?r=site/about&_=1403865355545
HTTP_REFERER=http://localhost/test/index.php?r=site/help
---
2014/06/27 14:36:21 [error] [exception.CHttpException.404] exception 'CHttpException' with message 'The system is unable to find the requested action "about".' in /home/twt/PhpstormProjects/test/framework/web/CController.php:483
Stack trace:
#0 /home/twt/PhpstormProjects/test/framework/web/CController.php(270): CController->missingAction('about')
#1 /home/twt/PhpstormProjects/test/framework/web/CWebApplication.php(282): CController->run('about')
#2 /home/twt/PhpstormProjects/test/framework/web/CWebApplication.php(141): CWebApplication->runController('site/about')
#3 /home/twt/PhpstormProjects/test/framework/base/CApplication.php(180): CWebApplication->processRequest()
#4 /home/twt/PhpstormProjects/test/index.php(13): CApplication->run()
#5 {main}
REQUEST_URI=/test/index.php?r=site/about&_=1403865381363
HTTP_REFERER=http://localhost/test/index.php?r=site/help
---
2014/06/27 14:37:15 [error] [exception.CHttpException.404] exception 'CHttpException' with message 'The system is unable to find the requested action "map".' in /home/twt/PhpstormProjects/test/framework/web/CController.php:483
Stack trace:
#0 /home/twt/PhpstormProjects/test/framework/web/CController.php(270): CController->missingAction('map')
#1 /home/twt/PhpstormProjects/test/framework/web/CWebApplication.php(282): CController->run('map')
#2 /home/twt/PhpstormProjects/test/framework/web/CWebApplication.php(141): CWebApplication->runController('site/map')
#3 /home/twt/PhpstormProjects/test/framework/base/CApplication.php(180): CWebApplication->processRequest()
#4 /home/twt/PhpstormProjects/test/index.php(13): CApplication->run()
#5 {main}
REQUEST_URI=/test/index.php?r=site/map&_=1403865435332
HTTP_REFERER=http://localhost/test/index.php?r=site/help
---
2014/06/27 14:39:27 [error] [exception.CHttpException.404] exception 'CHttpException' with message 'The system is unable to find the requested action "map".' in /home/twt/PhpstormProjects/test/framework/web/CController.php:483
Stack trace:
#0 /home/twt/PhpstormProjects/test/framework/web/CController.php(270): CController->missingAction('map')
#1 /home/twt/PhpstormProjects/test/framework/web/CWebApplication.php(282): CController->run('map')
#2 /home/twt/PhpstormProjects/test/framework/web/CWebApplication.php(141): CWebApplication->runController('site/map')
#3 /home/twt/PhpstormProjects/test/framework/base/CApplication.php(180): CWebApplication->processRequest()
#4 /home/twt/PhpstormProjects/test/index.php(13): CApplication->run()
#5 {main}
REQUEST_URI=/test/index.php?r=site/map&_=1403865567829
HTTP_REFERER=http://localhost/test/index.php?r=site/help
---
2014/06/27 14:59:24 [error] [exception.CHttpException.404] exception 'CHttpException' with message 'The system is unable to find the requested action "map".' in /home/twt/PhpstormProjects/test/framework/web/CController.php:483
Stack trace:
#0 /home/twt/PhpstormProjects/test/framework/web/CController.php(270): CController->missingAction('map')
#1 /home/twt/PhpstormProjects/test/framework/web/CWebApplication.php(282): CController->run('map')
#2 /home/twt/PhpstormProjects/test/framework/web/CWebApplication.php(141): CWebApplication->runController('site/map')
#3 /home/twt/PhpstormProjects/test/framework/base/CApplication.php(180): CWebApplication->processRequest()
#4 /home/twt/PhpstormProjects/test/index.php(13): CApplication->run()
#5 {main}
REQUEST_URI=/test/index.php?r=site/map&_=1403866764427
HTTP_REFERER=http://localhost/test/index.php?r=site/help
---
2014/06/27 15:16:55 [error] [exception.CException] exception 'CException' with message 'Alias "bootstrap.components.Bootstrap" is invalid. Make sure it points to an existing PHP file and the file is readable.' in /home/twt/PhpstormProjects/test/framework/YiiBase.php:322
Stack trace:
#0 /home/twt/PhpstormProjects/test/framework/YiiBase.php(196): YiiBase::import('bootstrap.compo...', true)
#1 /home/twt/PhpstormProjects/test/framework/base/CModule.php(386): YiiBase::createComponent(Array)
#2 /home/twt/PhpstormProjects/test/framework/base/CModule.php(103): CModule->getComponent('bootstrap')
#3 /home/twt/PhpstormProjects/test/protected/views/layouts/main.php(15): CModule->__get('bootstrap')
#4 /home/twt/PhpstormProjects/test/framework/web/CBaseController.php(126): require('/home/twt/Phpst...')
#5 /home/twt/PhpstormProjects/test/framework/web/CBaseController.php(95): CBaseController->renderInternal('/home/twt/Phpst...', Array, true)
#6 /home/twt/PhpstormProjects/test/framework/web/widgets/CContentDecorator.php(76): CBaseController->renderFile('/home/twt/Phpst...', Array, true)
#7 /home/twt/PhpstormProjects/test/framework/web/widgets/CContentDecorator.php(54): CContentDecorator->decorate('<div id="conten...')
#8 /home/twt/PhpstormProjects/test/framework/web/widgets/COutputProcessor.php(44): CContentDecorator->processOutput('<div id="conten...')
#9 /home/twt/PhpstormProjects/test/framework/web/CBaseController.php(206): COutputProcessor->run()
#10 /home/twt/PhpstormProjects/test/framework/web/CBaseController.php(300): CBaseController->endWidget('CContentDecorat...')
#11 /home/twt/PhpstormProjects/test/protected/views/layouts/column1.php(6): CBaseController->endContent()
#12 /home/twt/PhpstormProjects/test/framework/web/CBaseController.php(126): require('/home/twt/Phpst...')
#13 /home/twt/PhpstormProjects/test/framework/web/CBaseController.php(95): CBaseController->renderInternal('/home/twt/Phpst...', Array, true)
#14 /home/twt/PhpstormProjects/test/framework/web/CController.php(784): CBaseController->renderFile('/home/twt/Phpst...', Array, true)
#15 /home/twt/PhpstormProjects/test/protected/controllers/SiteController.php(98): CController->render('login', Array)
#16 /home/twt/PhpstormProjects/test/framework/web/actions/CInlineAction.php(49): SiteController->actionLogin()
#17 /home/twt/PhpstormProjects/test/framework/web/CController.php(308): CInlineAction->runWithParams(Array)
#18 /home/twt/PhpstormProjects/test/framework/web/CController.php(286): CController->runAction(Object(CInlineAction))
#19 /home/twt/PhpstormProjects/test/framework/web/CController.php(265): CController->runActionWithFilters(Object(CInlineAction), Array)
#20 /home/twt/PhpstormProjects/test/framework/web/CWebApplication.php(282): CController->run('login')
#21 /home/twt/PhpstormProjects/test/framework/web/CWebApplication.php(141): CWebApplication->runController('site/login')
#22 /home/twt/PhpstormProjects/test/framework/base/CApplication.php(180): CWebApplication->processRequest()
#23 /home/twt/PhpstormProjects/test/index.php(13): CApplication->run()
#24 {main}
REQUEST_URI=/test/index.php/site/login
HTTP_REFERER=http://localhost/test/index.php/site/contact
---
2014/06/27 15:17:26 [error] [exception.CException] exception 'CException' with message 'Booster and its behaviors do not have a method or closure named "registerAllCss".' in /home/twt/PhpstormProjects/test/framework/base/CComponent.php:266
Stack trace:
#0 /home/twt/PhpstormProjects/test/protected/views/layouts/main.php(15): CComponent->__call('registerAllCss', Array)
#1 /home/twt/PhpstormProjects/test/protected/views/layouts/main.php(15): Booster->registerAllCss()
#2 /home/twt/PhpstormProjects/test/framework/web/CBaseController.php(126): require('/home/twt/Phpst...')
#3 /home/twt/PhpstormProjects/test/framework/web/CBaseController.php(95): CBaseController->renderInternal('/home/twt/Phpst...', Array, true)
#4 /home/twt/PhpstormProjects/test/framework/web/widgets/CContentDecorator.php(76): CBaseController->renderFile('/home/twt/Phpst...', Array, true)
#5 /home/twt/PhpstormProjects/test/framework/web/widgets/CContentDecorator.php(54): CContentDecorator->decorate('<div id="conten...')
#6 /home/twt/PhpstormProjects/test/framework/web/widgets/COutputProcessor.php(44): CContentDecorator->processOutput('<div id="conten...')
#7 /home/twt/PhpstormProjects/test/framework/web/CBaseController.php(206): COutputProcessor->run()
#8 /home/twt/PhpstormProjects/test/framework/web/CBaseController.php(300): CBaseController->endWidget('CContentDecorat...')
#9 /home/twt/PhpstormProjects/test/protected/views/layouts/column1.php(6): CBaseController->endContent()
#10 /home/twt/PhpstormProjects/test/framework/web/CBaseController.php(126): require('/home/twt/Phpst...')
#11 /home/twt/PhpstormProjects/test/framework/web/CBaseController.php(95): CBaseController->renderInternal('/home/twt/Phpst...', Array, true)
#12 /home/twt/PhpstormProjects/test/framework/web/CController.php(784): CBaseController->renderFile('/home/twt/Phpst...', Array, true)
#13 /home/twt/PhpstormProjects/test/protected/controllers/SiteController.php(98): CController->render('login', Array)
#14 /home/twt/PhpstormProjects/test/framework/web/actions/CInlineAction.php(49): SiteController->actionLogin()
#15 /home/twt/PhpstormProjects/test/framework/web/CController.php(308): CInlineAction->runWithParams(Array)
#16 /home/twt/PhpstormProjects/test/framework/web/CController.php(286): CController->runAction(Object(CInlineAction))
#17 /home/twt/PhpstormProjects/test/framework/web/CController.php(265): CController->runActionWithFilters(Object(CInlineAction), Array)
#18 /home/twt/PhpstormProjects/test/framework/web/CWebApplication.php(282): CController->run('login')
#19 /home/twt/PhpstormProjects/test/framework/web/CWebApplication.php(141): CWebApplication->runController('site/login')
#20 /home/twt/PhpstormProjects/test/framework/base/CApplication.php(180): CWebApplication->processRequest()
#21 /home/twt/PhpstormProjects/test/index.php(13): CApplication->run()
#22 {main}
REQUEST_URI=/test/index.php/site/login
HTTP_REFERER=http://localhost/test/index.php/site/contact
---
2014/06/27 15:18:18 [error] [exception.CException] exception 'CException' with message 'Alias "gii.GiiModule" is invalid. Make sure it points to an existing PHP file and the file is readable.' in /home/twt/PhpstormProjects/test/framework/YiiBase.php:322
Stack trace:
#0 /home/twt/PhpstormProjects/test/framework/YiiBase.php(196): YiiBase::import('gii.GiiModule', true)
#1 /home/twt/PhpstormProjects/test/framework/base/CModule.php(282): YiiBase::createComponent('gii.GiiModule', 'gii', NULL, Array)
#2 /home/twt/PhpstormProjects/test/framework/web/CWebApplication.php(337): CModule->getModule('gii')
#3 /home/twt/PhpstormProjects/test/framework/web/CWebApplication.php(276): CWebApplication->createController('gii')
#4 /home/twt/PhpstormProjects/test/framework/web/CWebApplication.php(141): CWebApplication->runController('gii')
#5 /home/twt/PhpstormProjects/test/framework/base/CApplication.php(180): CWebApplication->processRequest()
#6 /home/twt/PhpstormProjects/test/index.php(13): CApplication->run()
#7 {main}
REQUEST_URI=/test/index.php/gii
---
2014/06/27 15:20:04 [error] [exception.CHttpException.404] exception 'CHttpException' with message 'The system is unable to find the requested action "map".' in /home/twt/PhpstormProjects/test/framework/web/CController.php:483
Stack trace:
#0 /home/twt/PhpstormProjects/test/framework/web/CController.php(270): CController->missingAction('map')
#1 /home/twt/PhpstormProjects/test/framework/web/CWebApplication.php(282): CController->run('map')
#2 /home/twt/PhpstormProjects/test/framework/web/CWebApplication.php(141): CWebApplication->runController('site/map')
#3 /home/twt/PhpstormProjects/test/framework/base/CApplication.php(180): CWebApplication->processRequest()
#4 /home/twt/PhpstormProjects/test/index.php(13): CApplication->run()
#5 {main}
REQUEST_URI=/test/index.php/site/map?_=1403868004690
HTTP_REFERER=http://localhost/test/index.php/site/help
---
2014/06/27 15:23:42 [error] [php] Undefined variable: model (/home/twt/PhpstormProjects/test/protected/views/site/help.php:26)
Stack trace:
#0 /home/twt/PhpstormProjects/test/framework/web/CController.php(869): SiteController->renderFile()
#1 /home/twt/PhpstormProjects/test/framework/web/CController.php(782): SiteController->renderPartial()
#2 /home/twt/PhpstormProjects/test/protected/controllers/SiteController.php(104): SiteController->render()
#3 /home/twt/PhpstormProjects/test/framework/web/actions/CInlineAction.php(49): SiteController->actionHelp()
#4 /home/twt/PhpstormProjects/test/framework/web/CController.php(308): CInlineAction->runWithParams()
#5 /home/twt/PhpstormProjects/test/framework/web/CController.php(286): SiteController->runAction()
#6 /home/twt/PhpstormProjects/test/framework/web/CController.php(265): SiteController->runActionWithFilters()
#7 /home/twt/PhpstormProjects/test/framework/web/CWebApplication.php(282): SiteController->run()
#8 /home/twt/PhpstormProjects/test/framework/web/CWebApplication.php(141): CWebApplication->runController()
#9 /home/twt/PhpstormProjects/test/framework/base/CApplication.php(180): CWebApplication->processRequest()
#10 /home/twt/PhpstormProjects/test/index.php(13): CWebApplication->run()
REQUEST_URI=/test/index.php/site/help
in /home/twt/PhpstormProjects/test/protected/views/site/help.php (26)
in /home/twt/PhpstormProjects/test/protected/controllers/SiteController.php (104)
in /home/twt/PhpstormProjects/test/index.php (13)
2014/06/27 15:23:59 [error] [php] Array to string conversion (/home/twt/PhpstormProjects/test/framework/web/helpers/CHtml.php:2181)
Stack trace:
#0 /home/twt/PhpstormProjects/test/framework/web/helpers/CHtml.php(1432): resolveNameID()
#1 /home/twt/PhpstormProjects/test/framework/web/widgets/CActiveForm.php(725): activeTextField()
#2 /home/twt/PhpstormProjects/test/protected/extensions/bootstrap/widgets/input/TbInputVertical.php(142): TbActiveForm->textField()
#3 /home/twt/PhpstormProjects/test/protected/extensions/bootstrap/widgets/input/TbInput.php(230): TbInputVertical->textField()
#4 /home/twt/PhpstormProjects/test/framework/web/CBaseController.php(173): TbInputVertical->run()
#5 /home/twt/PhpstormProjects/test/protected/extensions/bootstrap/widgets/TbActiveForm.php(497): SiteController->widget()
#6 /home/twt/PhpstormProjects/test/protected/extensions/bootstrap/widgets/TbActiveForm.php(186): TbActiveForm->inputRow()
#7 /home/twt/PhpstormProjects/test/protected/views/site/help.php(26): TbActiveForm->textFieldRow()
#8 /home/twt/PhpstormProjects/test/framework/web/CBaseController.php(126): require()
#9 /home/twt/PhpstormProjects/test/framework/web/CBaseController.php(95): SiteController->renderInternal()
#10 /home/twt/PhpstormProjects/test/framework/web/CController.php(869): SiteController->renderFile()
#11 /home/twt/PhpstormProjects/test/framework/web/CController.php(782): SiteController->renderPartial()
#12 /home/twt/PhpstormProjects/test/protected/controllers/SiteController.php(104): SiteController->render()
#13 /home/twt/PhpstormProjects/test/framework/web/actions/CInlineAction.php(49): SiteController->actionHelp()
#14 /home/twt/PhpstormProjects/test/framework/web/CController.php(308): CInlineAction->runWithParams()
#15 /home/twt/PhpstormProjects/test/framework/web/CController.php(286): SiteController->runAction()
#16 /home/twt/PhpstormProjects/test/framework/web/CController.php(265): SiteController->runActionWithFilters()
#17 /home/twt/PhpstormProjects/test/framework/web/CWebApplication.php(282): SiteController->run()
#18 /home/twt/PhpstormProjects/test/framework/web/CWebApplication.php(141): CWebApplication->runController()
#19 /home/twt/PhpstormProjects/test/framework/base/CApplication.php(180): CWebApplication->processRequest()
#20 /home/twt/PhpstormProjects/test/index.php(13): CWebApplication->run()
REQUEST_URI=/test/index.php/site/help
in /home/twt/PhpstormProjects/test/protected/extensions/bootstrap/widgets/input/TbInputVertical.php (142)
in /home/twt/PhpstormProjects/test/protected/extensions/bootstrap/widgets/input/TbInput.php (230)
in /home/twt/PhpstormProjects/test/protected/extensions/bootstrap/widgets/TbActiveForm.php (497)
2014/06/27 15:26:08 [error] [php] Undefined variable: model (/home/twt/PhpstormProjects/test/protected/views/site/help.php:26)
Stack trace:
#0 /home/twt/PhpstormProjects/test/framework/web/CController.php(869): SiteController->renderFile()
#1 /home/twt/PhpstormProjects/test/framework/web/CController.php(782): SiteController->renderPartial()
#2 /home/twt/PhpstormProjects/test/protected/controllers/SiteController.php(104): SiteController->render()
#3 /home/twt/PhpstormProjects/test/framework/web/actions/CInlineAction.php(49): SiteController->actionHelp()
#4 /home/twt/PhpstormProjects/test/framework/web/CController.php(308): CInlineAction->runWithParams()
#5 /home/twt/PhpstormProjects/test/framework/web/CController.php(286): SiteController->runAction()
#6 /home/twt/PhpstormProjects/test/framework/web/CController.php(265): SiteController->runActionWithFilters()
#7 /home/twt/PhpstormProjects/test/framework/web/CWebApplication.php(282): SiteController->run()
#8 /home/twt/PhpstormProjects/test/framework/web/CWebApplication.php(141): CWebApplication->runController()
#9 /home/twt/PhpstormProjects/test/framework/base/CApplication.php(180): CWebApplication->processRequest()
#10 /home/twt/PhpstormProjects/test/index.php(13): CWebApplication->run()
REQUEST_URI=/test/index.php/site/help
in /home/twt/PhpstormProjects/test/protected/views/site/help.php (26)
in /home/twt/PhpstormProjects/test/protected/controllers/SiteController.php (104)
in /home/twt/PhpstormProjects/test/index.php (13)
2014/06/27 15:26:25 [error] [exception.CException] exception 'CException' with message 'Property "ContactForm.textField" is not defined.' in /home/twt/PhpstormProjects/test/framework/base/CComponent.php:130
Stack trace:
#0 /home/twt/PhpstormProjects/test/framework/web/helpers/CHtml.php(2529): CComponent->__get('textField')
#1 /home/twt/PhpstormProjects/test/framework/web/helpers/CHtml.php(2252): CHtml::resolveValue(Object(ContactForm), 'textField')
#2 /home/twt/PhpstormProjects/test/framework/web/helpers/CHtml.php(1434): CHtml::activeInputField('text', Object(ContactForm), 'textField', Array)
#3 /home/twt/PhpstormProjects/test/framework/web/widgets/CActiveForm.php(725): CHtml::activeTextField(Object(ContactForm), 'textField', Array)
#4 /home/twt/PhpstormProjects/test/protected/extensions/bootstrap/widgets/input/TbInputVertical.php(142): CActiveForm->textField(Object(ContactForm), 'textField', Array)
#5 /home/twt/PhpstormProjects/test/protected/extensions/bootstrap/widgets/input/TbInput.php(230): TbInputVertical->textField()
#6 /home/twt/PhpstormProjects/test/framework/web/CBaseController.php(173): TbInput->run()
#7 /home/twt/PhpstormProjects/test/protected/extensions/bootstrap/widgets/TbActiveForm.php(497): CBaseController->widget('bootstrap.widge...', Array)
#8 /home/twt/PhpstormProjects/test/protected/extensions/bootstrap/widgets/TbActiveForm.php(186): TbActiveForm->inputRow('text', Object(ContactForm), 'textField', NULL, Array)
#9 /home/twt/PhpstormProjects/test/protected/views/site/help.php(26): TbActiveForm->textFieldRow(Object(ContactForm), 'textField', Array)
#10 /home/twt/PhpstormProjects/test/framework/web/CBaseController.php(126): require('/home/twt/Phpst...')
#11 /home/twt/PhpstormProjects/test/framework/web/CBaseController.php(95): CBaseController->renderInternal('/home/twt/Phpst...', Array, true)
#12 /home/twt/PhpstormProjects/test/framework/web/CController.php(869): CBaseController->renderFile('/home/twt/Phpst...', Array, true)
#13 /home/twt/PhpstormProjects/test/framework/web/CController.php(782): CController->renderPartial('help', Array, true)
#14 /home/twt/PhpstormProjects/test/protected/controllers/SiteController.php(104): CController->render('help', Array)
#15 /home/twt/PhpstormProjects/test/framework/web/actions/CInlineAction.php(49): SiteController->actionHelp()
#16 /home/twt/PhpstormProjects/test/framework/web/CController.php(308): CInlineAction->runWithParams(Array)
#17 /home/twt/PhpstormProjects/test/framework/web/CController.php(286): CController->runAction(Object(CInlineAction))
#18 /home/twt/PhpstormProjects/test/framework/web/CController.php(265): CController->runActionWithFilters(Object(CInlineAction), Array)
#19 /home/twt/PhpstormProjects/test/framework/web/CWebApplication.php(282): CController->run('help')
#20 /home/twt/PhpstormProjects/test/framework/web/CWebApplication.php(141): CWebApplication->runController('site/help')
#21 /home/twt/PhpstormProjects/test/framework/base/CApplication.php(180): CWebApplication->processRequest()
#22 /home/twt/PhpstormProjects/test/index.php(13): CApplication->run()
#23 {main}
REQUEST_URI=/test/index.php/site/help
HTTP_REFERER=http://localhost/test/index.php/site/login
---
2014/06/27 15:28:23 [error] [exception.CException] exception 'CException' with message 'Property "ContactForm.textField" is not defined.' in /home/twt/PhpstormProjects/test/framework/base/CComponent.php:130
Stack trace:
#0 /home/twt/PhpstormProjects/test/framework/web/helpers/CHtml.php(2529): CComponent->__get('textField')
#1 /home/twt/PhpstormProjects/test/framework/web/helpers/CHtml.php(2252): CHtml::resolveValue(Object(ContactForm), 'textField')
#2 /home/twt/PhpstormProjects/test/framework/web/helpers/CHtml.php(1434): CHtml::activeInputField('text', Object(ContactForm), 'textField', Array)
#3 /home/twt/PhpstormProjects/test/framework/web/widgets/CActiveForm.php(725): CHtml::activeTextField(Object(ContactForm), 'textField', Array)
#4 /home/twt/PhpstormProjects/test/protected/extensions/bootstrap/widgets/input/TbInputVertical.php(142): CActiveForm->textField(Object(ContactForm), 'textField', Array)
#5 /home/twt/PhpstormProjects/test/protected/extensions/bootstrap/widgets/input/TbInput.php(230): TbInputVertical->textField()
#6 /home/twt/PhpstormProjects/test/framework/web/CBaseController.php(173): TbInput->run()
#7 /home/twt/PhpstormProjects/test/protected/extensions/bootstrap/widgets/TbActiveForm.php(497): CBaseController->widget('bootstrap.widge...', Array)
#8 /home/twt/PhpstormProjects/test/protected/extensions/bootstrap/widgets/TbActiveForm.php(186): TbActiveForm->inputRow('text', Object(ContactForm), 'textField', NULL, Array)
#9 /home/twt/PhpstormProjects/test/protected/views/site/help.php(25): TbActiveForm->textFieldRow(Object(ContactForm), 'textField', Array)
#10 /home/twt/PhpstormProjects/test/framework/web/CBaseController.php(126): require('/home/twt/Phpst...')
#11 /home/twt/PhpstormProjects/test/framework/web/CBaseController.php(95): CBaseController->renderInternal('/home/twt/Phpst...', Array, true)
#12 /home/twt/PhpstormProjects/test/framework/web/CController.php(869): CBaseController->renderFile('/home/twt/Phpst...', Array, true)
#13 /home/twt/PhpstormProjects/test/framework/web/CController.php(782): CController->renderPartial('help', Array, true)
#14 /home/twt/PhpstormProjects/test/protected/controllers/SiteController.php(104): CController->render('help', Array)
#15 /home/twt/PhpstormProjects/test/framework/web/actions/CInlineAction.php(49): SiteController->actionHelp()
#16 /home/twt/PhpstormProjects/test/framework/web/CController.php(308): CInlineAction->runWithParams(Array)
#17 /home/twt/PhpstormProjects/test/framework/web/CController.php(286): CController->runAction(Object(CInlineAction))
#18 /home/twt/PhpstormProjects/test/framework/web/CController.php(265): CController->runActionWithFilters(Object(CInlineAction), Array)
#19 /home/twt/PhpstormProjects/test/framework/web/CWebApplication.php(282): CController->run('help')
#20 /home/twt/PhpstormProjects/test/framework/web/CWebApplication.php(141): CWebApplication->runController('site/help')
#21 /home/twt/PhpstormProjects/test/framework/base/CApplication.php(180): CWebApplication->processRequest()
#22 /home/twt/PhpstormProjects/test/index.php(13): CApplication->run()
#23 {main}
REQUEST_URI=/test/index.php/site/help
HTTP_REFERER=http://localhost/test/index.php/site/login
---
2014/06/27 15:28:24 [error] [exception.CException] exception 'CException' with message 'Property "ContactForm.textField" is not defined.' in /home/twt/PhpstormProjects/test/framework/base/CComponent.php:130
Stack trace:
#0 /home/twt/PhpstormProjects/test/framework/web/helpers/CHtml.php(2529): CComponent->__get('textField')
#1 /home/twt/PhpstormProjects/test/framework/web/helpers/CHtml.php(2252): CHtml::resolveValue(Object(ContactForm), 'textField')
#2 /home/twt/PhpstormProjects/test/framework/web/helpers/CHtml.php(1434): CHtml::activeInputField('text', Object(ContactForm), 'textField', Array)
#3 /home/twt/PhpstormProjects/test/framework/web/widgets/CActiveForm.php(725): CHtml::activeTextField(Object(ContactForm), 'textField', Array)
#4 /home/twt/PhpstormProjects/test/protected/extensions/bootstrap/widgets/input/TbInputVertical.php(142): CActiveForm->textField(Object(ContactForm), 'textField', Array)
#5 /home/twt/PhpstormProjects/test/protected/extensions/bootstrap/widgets/input/TbInput.php(230): TbInputVertical->textField()
#6 /home/twt/PhpstormProjects/test/framework/web/CBaseController.php(173): TbInput->run()
#7 /home/twt/PhpstormProjects/test/protected/extensions/bootstrap/widgets/TbActiveForm.php(497): CBaseController->widget('bootstrap.widge...', Array)
#8 /home/twt/PhpstormProjects/test/protected/extensions/bootstrap/widgets/TbActiveForm.php(186): TbActiveForm->inputRow('text', Object(ContactForm), 'textField', NULL, Array)
#9 /home/twt/PhpstormProjects/test/protected/views/site/help.php(25): TbActiveForm->textFieldRow(Object(ContactForm), 'textField', Array)
#10 /home/twt/PhpstormProjects/test/framework/web/CBaseController.php(126): require('/home/twt/Phpst...')
#11 /home/twt/PhpstormProjects/test/framework/web/CBaseController.php(95): CBaseController->renderInternal('/home/twt/Phpst...', Array, true)
#12 /home/twt/PhpstormProjects/test/framework/web/CController.php(869): CBaseController->renderFile('/home/twt/Phpst...', Array, true)
#13 /home/twt/PhpstormProjects/test/framework/web/CController.php(782): CController->renderPartial('help', Array, true)
#14 /home/twt/PhpstormProjects/test/protected/controllers/SiteController.php(104): CController->render('help', Array)
#15 /home/twt/PhpstormProjects/test/framework/web/actions/CInlineAction.php(49): SiteController->actionHelp()
#16 /home/twt/PhpstormProjects/test/framework/web/CController.php(308): CInlineAction->runWithParams(Array)
#17 /home/twt/PhpstormProjects/test/framework/web/CController.php(286): CController->runAction(Object(CInlineAction))
#18 /home/twt/PhpstormProjects/test/framework/web/CController.php(265): CController->runActionWithFilters(Object(CInlineAction), Array)
#19 /home/twt/PhpstormProjects/test/framework/web/CWebApplication.php(282): CController->run('help')
#20 /home/twt/PhpstormProjects/test/framework/web/CWebApplication.php(141): CWebApplication->runController('site/help')
#21 /home/twt/PhpstormProjects/test/framework/base/CApplication.php(180): CWebApplication->processRequest()
#22 /home/twt/PhpstormProjects/test/index.php(13): CApplication->run()
#23 {main}
REQUEST_URI=/test/index.php/site/help
HTTP_REFERER=http://localhost/test/index.php/site/login
---
2014/06/27 15:29:01 [error] [exception.CHttpException.404] exception 'CHttpException' with message 'The system is unable to find the requested action "map".' in /home/twt/PhpstormProjects/test/framework/web/CController.php:483
Stack trace:
#0 /home/twt/PhpstormProjects/test/framework/web/CController.php(270): CController->missingAction('map')
#1 /home/twt/PhpstormProjects/test/framework/web/CWebApplication.php(282): CController->run('map')
#2 /home/twt/PhpstormProjects/test/framework/web/CWebApplication.php(141): CWebApplication->runController('site/map')
#3 /home/twt/PhpstormProjects/test/framework/base/CApplication.php(180): CWebApplication->processRequest()
#4 /home/twt/PhpstormProjects/test/index.php(13): CApplication->run()
#5 {main}
REQUEST_URI=/test/index.php/site/map?_=1403868540989
HTTP_REFERER=http://localhost/test/index.php/site/help
---
2014/06/27 16:10:02 [error] [exception.CException] exception 'CException' with message 'SiteController cannot find the requested view "js".' in /home/twt/PhpstormProjects/test/framework/web/CController.php:878
Stack trace:
#0 /home/twt/PhpstormProjects/test/protected/views/site/JSView.php(6): CController->renderPartial('js')
#1 /home/twt/PhpstormProjects/test/framework/web/CBaseController.php(126): require('/home/twt/Phpst...')
#2 /home/twt/PhpstormProjects/test/framework/web/CBaseController.php(95): CBaseController->renderInternal('/home/twt/Phpst...', NULL, true)
#3 /home/twt/PhpstormProjects/test/framework/web/CController.php(869): CBaseController->renderFile('/home/twt/Phpst...', NULL, true)
#4 /home/twt/PhpstormProjects/test/protected/views/site/help.php(38): CController->renderPartial('JSView')
#5 /home/twt/PhpstormProjects/test/framework/web/CBaseController.php(126): require('/home/twt/Phpst...')
#6 /home/twt/PhpstormProjects/test/framework/web/CBaseController.php(95): CBaseController->renderInternal('/home/twt/Phpst...', Array, true)
#7 /home/twt/PhpstormProjects/test/framework/web/CController.php(869): CBaseController->renderFile('/home/twt/Phpst...', Array, true)
#8 /home/twt/PhpstormProjects/test/framework/web/CController.php(782): CController->renderPartial('help', Array, true)
#9 /home/twt/PhpstormProjects/test/protected/controllers/SiteController.php(104): CController->render('help', Array)
#10 /home/twt/PhpstormProjects/test/framework/web/actions/CInlineAction.php(49): SiteController->actionHelp()
#11 /home/twt/PhpstormProjects/test/framework/web/CController.php(308): CInlineAction->runWithParams(Array)
#12 /home/twt/PhpstormProjects/test/framework/web/CController.php(286): CController->runAction(Object(CInlineAction))
#13 /home/twt/PhpstormProjects/test/framework/web/CController.php(265): CController->runActionWithFilters(Object(CInlineAction), Array)
#14 /home/twt/PhpstormProjects/test/framework/web/CWebApplication.php(282): CController->run('help')
#15 /home/twt/PhpstormProjects/test/framework/web/CWebApplication.php(141): CWebApplication->runController('site/help')
#16 /home/twt/PhpstormProjects/test/framework/base/CApplication.php(180): CWebApplication->processRequest()
#17 /home/twt/PhpstormProjects/test/index.php(13): CApplication->run()
#18 {main}
REQUEST_URI=/test/index.php/site/help
HTTP_REFERER=http://localhost/test/index.php/site/login
---
2014/06/27 16:10:13 [error] [exception.CException] exception 'CException' with message 'SiteController cannot find the requested view "js.js".' in /home/twt/PhpstormProjects/test/framework/web/CController.php:878
Stack trace:
#0 /home/twt/PhpstormProjects/test/protected/views/site/JSView.php(6): CController->renderPartial('js.js')
#1 /home/twt/PhpstormProjects/test/framework/web/CBaseController.php(126): require('/home/twt/Phpst...')
#2 /home/twt/PhpstormProjects/test/framework/web/CBaseController.php(95): CBaseController->renderInternal('/home/twt/Phpst...', NULL, true)
#3 /home/twt/PhpstormProjects/test/framework/web/CController.php(869): CBaseController->renderFile('/home/twt/Phpst...', NULL, true)
#4 /home/twt/PhpstormProjects/test/protected/views/site/help.php(38): CController->renderPartial('JSView')
#5 /home/twt/PhpstormProjects/test/framework/web/CBaseController.php(126): require('/home/twt/Phpst...')
#6 /home/twt/PhpstormProjects/test/framework/web/CBaseController.php(95): CBaseController->renderInternal('/home/twt/Phpst...', Array, true)
#7 /home/twt/PhpstormProjects/test/framework/web/CController.php(869): CBaseController->renderFile('/home/twt/Phpst...', Array, true)
#8 /home/twt/PhpstormProjects/test/framework/web/CController.php(782): CController->renderPartial('help', Array, true)
#9 /home/twt/PhpstormProjects/test/protected/controllers/SiteController.php(104): CController->render('help', Array)
#10 /home/twt/PhpstormProjects/test/framework/web/actions/CInlineAction.php(49): SiteController->actionHelp()
#11 /home/twt/PhpstormProjects/test/framework/web/CController.php(308): CInlineAction->runWithParams(Array)
#12 /home/twt/PhpstormProjects/test/framework/web/CController.php(286): CController->runAction(Object(CInlineAction))
#13 /home/twt/PhpstormProjects/test/framework/web/CController.php(265): CController->runActionWithFilters(Object(CInlineAction), Array)
#14 /home/twt/PhpstormProjects/test/framework/web/CWebApplication.php(282): CController->run('help')
#15 /home/twt/PhpstormProjects/test/framework/web/CWebApplication.php(141): CWebApplication->runController('site/help')
#16 /home/twt/PhpstormProjects/test/framework/base/CApplication.php(180): CWebApplication->processRequest()
#17 /home/twt/PhpstormProjects/test/index.php(13): CApplication->run()
#18 {main}
REQUEST_URI=/test/index.php/site/help
HTTP_REFERER=http://localhost/test/index.php/site/login
---
